<?xml version="1.0" encoding="UTF-8"?>
<testsuite name="com.example.login001v.data.repository.PostRepositoryMockTest" tests="1" skipped="0" failures="0" errors="0" timestamp="2025-12-12T20:51:24.769Z" hostname="XSL" time="1.365">
  <properties/>
  <testcase name="getPosts devuelve la lista simulada()" classname="com.example.login001v.data.repository.PostRepositoryMockTest" time="1.365"/>
  <system-out><![CDATA[]]></system-out>
  <system-err><![CDATA[WARNING: A Java agent has been loaded dynamically (C:\Users\XSLX\.gradle\caches\modules-2\files-2.1\net.bytebuddy\byte-buddy-agent\1.14.6\46e2545d7a97b6ccb195621650c5957279eb4812\byte-buddy-agent-1.14.6.jar)
WARNING: If a serviceability tool is in use, please run with -XX:+EnableDynamicAgentLoading to hide this warning
WARNING: If a serviceability tool is not in use, please run with -Djdk.instrument.traceUsage for more information
WARNING: Dynamic loading of agents will be disallowed by default in a future release
]]></system-err>
</testsuite>
